<?xml version="1.0" encoding="UTF-8"?>
<testsuite name="org.apache.commons.csv.CSVFormatTest" time="234.357" tests="44" errors="0" skipped="0" failures="0">
  <properties>
[...]
</properties>
  <testcase name="testEqualsIgnoreSurroundingSpaces" classname="org.apache.commons.csv.CSVFormatTest" time="13.988"/>
  <testcase name="testEqualsCommentStart" classname="org.apache.commons.csv.CSVFormatTest" time="10.006"/>
  <testcase name="testWithDelimiter" classname="org.apache.commons.csv.CSVFormatTest" time="2"/>
  <testcase name="testQuotePolicyNoneWithoutEscapeThrowsException" classname="org.apache.commons.csv.CSVFormatTest" time="4.013"/>
  <testcase name="testWithQuoteLFThrowsException" classname="org.apache.commons.csv.CSVFormatTest" time="0"/>
  <testcase name="testSerialization" classname="org.apache.commons.csv.CSVFormatTest" time="0.015"/>
  <testcase name="testNullRecordSeparatorCsv106" classname="org.apache.commons.csv.CSVFormatTest" time="6.001"/>
  <testcase name="testJiraCsv154_withCommentMarker" classname="org.apache.commons.csv.CSVFormatTest" time="6.01"/>
  <testcase name="testEqualsQuoteChar" classname="org.apache.commons.csv.CSVFormatTest" time="6.014"/>
  <testcase name="testEqualsSkipHeaderRecord" classname="org.apache.commons.csv.CSVFormatTest" time="22.051"/>
  <testcase name="testQuoteCharSameAsCommentStartThrowsException" classname="org.apache.commons.csv.CSVFormatTest" time="4.012"/>
  <testcase name="testWithRecordSeparatorCR" classname="org.apache.commons.csv.CSVFormatTest" time="2.002"/>
  <testcase name="testWithRecordSeparatorLF" classname="org.apache.commons.csv.CSVFormatTest" time="1.996"/>
  <testcase name="testWithEscapeCRThrowsExceptions" classname="org.apache.commons.csv.CSVFormatTest" time="0"/>
  <testcase name="testWithIgnoreEmptyLines" classname="org.apache.commons.csv.CSVFormatTest" time="3.999"/>
  <testcase name="testEqualsEscape" classname="org.apache.commons.csv.CSVFormatTest" time="12.002"/>
  <testcase name="testEqualsHeader" classname="org.apache.commons.csv.CSVFormatTest" time="20.005"/>
  <testcase name="testEqualsIgnoreEmptyLines" classname="org.apache.commons.csv.CSVFormatTest" time="16.001"/>
  <testcase name="testWithCommentStart" classname="org.apache.commons.csv.CSVFormatTest" time="2"/>
  <testcase name="testWithIgnoreSurround" classname="org.apache.commons.csv.CSVFormatTest" time="4.001"/>
  <testcase name="testRFC4180" classname="org.apache.commons.csv.CSVFormatTest" time="0"/>
  <testcase name="testEscapeSameAsCommentStartThrowsException" classname="org.apache.commons.csv.CSVFormatTest" time="4"/>
  <testcase name="testDelimiterSameAsCommentStartThrowsException" classname="org.apache.commons.csv.CSVFormatTest" time="4.012"/>
  <testcase name="testEqualsDelimiter" classname="org.apache.commons.csv.CSVFormatTest" time="3.999"/>
  <testcase name="testQuoteCharSameAsCommentStartThrowsExceptionForWrapperType" classname="org.apache.commons.csv.CSVFormatTest" time="4"/>
  <testcase name="testEqualsNullString" classname="org.apache.commons.csv.CSVFormatTest" time="20.013"/>
  <testcase name="testWithQuotePolicy" classname="org.apache.commons.csv.CSVFormatTest" time="2.001"/>
  <testcase name="testEqualsQuotePolicy" classname="org.apache.commons.csv.CSVFormatTest" time="8.074"/>
  <testcase name="testEscapeSameAsCommentStartThrowsExceptionForWrapperType" classname="org.apache.commons.csv.CSVFormatTest" time="4.01"/>
  <testcase name="testEqualsRecordSeparator" classname="org.apache.commons.csv.CSVFormatTest" time="18.043"/>
  <testcase name="testWithCommentStartCRThrowsException" classname="org.apache.commons.csv.CSVFormatTest" time="0"/>
  <testcase name="testQuoteCharSameAsDelimiterThrowsException" classname="org.apache.commons.csv.CSVFormatTest" time="4.002"/>
  <testcase name="testWithDelimiterLFThrowsException" classname="org.apache.commons.csv.CSVFormatTest" time="0.001"/>
  <testcase name="testDelimiterSameAsEscapeThrowsException" classname="org.apache.commons.csv.CSVFormatTest" time="4.001"/>
  <testcase name="testWithEscape" classname="org.apache.commons.csv.CSVFormatTest" time="2.001"/>
  <testcase name="testWithHeader" classname="org.apache.commons.csv.CSVFormatTest" time="2.007"/>
  <testcase name="testGetHeader" classname="org.apache.commons.csv.CSVFormatTest" time="2"/>
  <testcase name="testJiraCsv154_withHeaderComments" classname="org.apache.commons.csv.CSVFormatTest" time="6.008"/>
  <testcase name="testWithQuoteChar" classname="org.apache.commons.csv.CSVFormatTest" time="2"/>
  <testcase name="testEquals" classname="org.apache.commons.csv.CSVFormatTest" time="2"/>
  <testcase name="testFormat" classname="org.apache.commons.csv.CSVFormatTest" time="0"/>
  <testcase name="testWithRecordSeparatorCRLF" classname="org.apache.commons.csv.CSVFormatTest" time="2.005"/>
  <testcase name="testDuplicateHeaderElements" classname="org.apache.commons.csv.CSVFormatTest" time="2.013"/>
  <testcase name="testWithNullString" classname="org.apache.commons.csv.CSVFormatTest" time="2.051"/>
</testsuite>